Arguments: 
  /home/om/.nvm/versions/node/v18.15.0/bin/node /usr/local/bin/yarn add v1.22.19

PATH: 
  /home/om/.rvm/gems/ruby-2.7.0/bin:/home/om/.rvm/gems/ruby-2.7.0@global/bin:/home/om/.rvm/rubies/ruby-2.7.0/bin:/home/om/.rvm/bin:/home/om/.nvm/versions/node/v18.15.0/bin:/usr/local/sbin:/usr/local/bin:/usr/sbin:/usr/bin:/sbin:/bin:/usr/games:/usr/local/games:/snap/bin

Yarn version: 
  1.22.19

Node version: 
  18.15.0

Platform: 
  linux x64

Trace: 
  Error: https://registry.yarnpkg.com/v1.22.19: Not found
      at params.callback [as _callback] (/usr/local/lib/node_modules/yarn/lib/cli.js:66145:18)
      at self.callback (/usr/local/lib/node_modules/yarn/lib/cli.js:140890:22)
      at Request.emit (node:events:513:28)
      at Request.<anonymous> (/usr/local/lib/node_modules/yarn/lib/cli.js:141862:10)
      at Request.emit (node:events:513:28)
      at IncomingMessage.<anonymous> (/usr/local/lib/node_modules/yarn/lib/cli.js:141784:12)
      at Object.onceWrapper (node:events:627:28)
      at IncomingMessage.emit (node:events:525:35)
      at endReadableNT (node:internal/streams/readable:1359:12)
      at process.processTicksAndRejections (node:internal/process/task_queues:82:21)

npm manifest: 
  {
    "dependencies": {
      "@rails/actiontext": "^7.1.2",
      "bootstrap": "^5.3.1",
      "bootstrap-select": "^1.13.18",
      "trix": "^2.0.8"
    }
  }

yarn manifest: 
  No manifest

Lockfile: 
  # THIS IS AN AUTOGENERATED FILE. DO NOT EDIT THIS FILE DIRECTLY.
  # yarn lockfile v1
  
  
  "@rails/actiontext@^7.1.2":
    version "7.1.2"
    resolved "https://registry.yarnpkg.com/@rails/actiontext/-/actiontext-7.1.2.tgz#2f7772b33951f76a07e9ff83d54519c362d99fd5"
    integrity sha512-qiSUtop7rIb9BlwvgU98u+y8erlWhOiV0AveoHQ4EzN11VAWj3Euao9O+Q1iEJfIPcgXRvnsVLIJPrz3ldizFg==
    dependencies:
      "@rails/activestorage" ">= 7.1.0-alpha"
  
  "@rails/activestorage@>= 7.1.0-alpha":
    version "7.1.2"
    resolved "https://registry.yarnpkg.com/@rails/activestorage/-/activestorage-7.1.2.tgz#088dce680fa1e0a4f8e0c5ac91073f729204ed06"
    integrity sha512-evC/xGlpq5XGpcNJina3oNVVB8pUp1GpnN3a84SVA+UNuB6O91OdNRl9BGHNAOo6/jxmFtLb73PIjWqQyVE14w==
    dependencies:
      spark-md5 "^3.0.1"
  
  bootstrap-select@^1.13.18:
    version "1.13.18"
    resolved "https://registry.yarnpkg.com/bootstrap-select/-/bootstrap-select-1.13.18.tgz#4557119d58dc1159189977161c803962220e4dda"
    integrity sha512-V1IzK4rxBq5FrJtkzSH6RmFLFBsjx50byFbfAf8jYyXROWs7ZpprGjdHeoyq2HSsHyjJhMMwjsQhRoYAfxCGow==
  
  bootstrap@^5.3.1:
    version "5.3.1"
    resolved "https://registry.yarnpkg.com/bootstrap/-/bootstrap-5.3.1.tgz#8ca07040ad15d7f75891d1504cf14c5dedfb1cfe"
    integrity sha512-jzwza3Yagduci2x0rr9MeFSORjcHpt0lRZukZPZQJT1Dth5qzV7XcgGqYzi39KGAVYR8QEDVoO0ubFKOxzMG+g==
  
  spark-md5@^3.0.1:
    version "3.0.2"
    resolved "https://registry.yarnpkg.com/spark-md5/-/spark-md5-3.0.2.tgz#7952c4a30784347abcee73268e473b9c0167e3fc"
    integrity sha512-wcFzz9cDfbuqe0FZzfi2or1sgyIrsDwmPwfZC4hiNidPdPINjeUwNfv5kldczoEAcjl9Y1L3SM7Uz2PUEQzxQw==
  
  trix@^2.0.8:
    version "2.0.8"
    resolved "https://registry.yarnpkg.com/trix/-/trix-2.0.8.tgz#6fff81b9e02c4f60a181febb3f6e862fbb98f1c4"
    integrity sha512-tPqJl+NjALVUOC8sNfRrY42K7cfp4QBb9svXxmfhxYrspF9fOOzXq+GnDa9l2ZAcfM43msnPpkJ7MrJQA3FgrA==
